<?xml version="1.0" encoding="UTF-8"?>
<!-- Generated by org.testng.reporters.JUnitReportReporter -->
<testsuite hostname="LAPTOP-6N2GONVC" failures="0" tests="1" name="execution.Execute2" time="8.894" errors="0" timestamp="2022-12-27T14:50:19 IST" skipped="0">
  <testcase classname="execution.Execute2" name="getWindow" time="8.894"/>
  <system-out/>
</testsuite> <!-- execution.Execute2 -->
