<?xml version="1.0" encoding="UTF-8"?>
<!-- Generated by org.testng.reporters.JUnitReportReporter -->
<testsuite hostname="LAPTOP-6N2GONVC" failures="0" tests="3" name="execution.Execute" time="0.029" errors="0" timestamp="2022-12-27T13:18:26 IST" skipped="0">
  <testcase classname="execution.Execute" name="gettextbox" time="0.003"/>
  <system-out/>
  <testcase classname="execution.Execute" name="getAlert" time="0.021"/>
  <system-out/>
  <testcase classname="execution.Execute" name="getradiobutton" time="0.005"/>
  <system-out/>
</testsuite> <!-- execution.Execute -->
